<?xml version="1.0" encoding="UTF-8"?>
<testng-results ignored="0" total="1" passed="1" failed="0" skipped="0">
  <reporter-output>
  </reporter-output>
  <suite started-at="2022-02-15T17:09:56 EST" name="Default suite" finished-at="2022-02-15T17:10:09 EST" duration-ms="13048">
    <groups>
      <group name="cucumber">
        <method signature="AbstractTestNGCucumberTests.runScenario(io.cucumber.testng.PickleWrapper,io.cucumber.testng.FeatureWrapper)[pri:0, instance:com.cucumber.runner.RunnerFile@5d534f5d]" name="runScenario" class="io.cucumber.testng.AbstractTestNGCucumberTests"/>
      </group> <!-- cucumber -->
    </groups>
    <test started-at="2022-02-15T17:09:56 EST" name="Default test" finished-at="2022-02-15T17:10:09 EST" duration-ms="13048">
      <class name="com.cucumber.runner.RunnerFile">
        <test-method is-config="true" signature="setUpClass()[pri:0, instance:com.cucumber.runner.RunnerFile@5d534f5d]" started-at="2022-02-15T17:09:56 EST" name="setUpClass" finished-at="2022-02-15T17:09:57 EST" duration-ms="534" status="PASS">
          <reporter-output>
          </reporter-output>
        </test-method> <!-- setUpClass -->
        <test-method signature="runScenario(io.cucumber.testng.PickleWrapper,io.cucumber.testng.FeatureWrapper)[pri:0, instance:com.cucumber.runner.RunnerFile@5d534f5d]" started-at="2022-02-15T17:09:57 EST" name="runScenario" description="Runs Cucumber Scenarios" data-provider="scenarios" finished-at="2022-02-15T17:10:09 EST" duration-ms="12311" status="PASS">
          <params>
            <param index="0">
              <value>
                <![CDATA["As an Orbis user, can do successfull login with valid credential"]]>
              </value>
            </param>
            <param index="1">
              <value>
                <![CDATA["Optional[Login function test]"]]>
              </value>
            </param>
          </params>
          <reporter-output>
          </reporter-output>
        </test-method> <!-- runScenario -->
        <test-method is-config="true" signature="tearDownClass()[pri:0, instance:com.cucumber.runner.RunnerFile@5d534f5d]" started-at="2022-02-15T17:10:09 EST" name="tearDownClass" finished-at="2022-02-15T17:10:09 EST" duration-ms="144" status="PASS">
          <reporter-output>
          </reporter-output>
        </test-method> <!-- tearDownClass -->
      </class> <!-- com.cucumber.runner.RunnerFile -->
    </test> <!-- Default test -->
  </suite> <!-- Default suite -->
</testng-results>
